<?xml version="1.0" encoding="UTF-8"?>
<!-- Generated by org.testng.reporters.JUnitXMLReporter -->
<testsuite hostname="DESKTOP-QR8RANU" ignored="3" name="Default test" tests="1" failures="0" timestamp="02 Oct 2020 09:35:00 GMT" time="5.026" errors="0">
  <testcase name="verifyCompanyData" time="4.778" classname="com.qa.rest.testclassess.GETAPITEST"/>
  <testcase name="validateStatusCodeTest" time="0.0" classname="com.qa.rest.testclassess.GETAPITEST">
    <ignored/>
  </testcase> <!-- validateStatusCodeTest -->
  <testcase name="validateHeaderJsonResponse" time="0.0" classname="com.qa.rest.testclassess.GETAPITEST">
    <ignored/>
  </testcase> <!-- validateHeaderJsonResponse -->
  <testcase name="verifyCompanyName" time="0.0" classname="com.qa.rest.testclassess.GETAPITEST">
    <ignored/>
  </testcase> <!-- verifyCompanyName -->
</testsuite> <!-- Default test -->
