<?xml version="1.0" encoding="UTF-8"?>
<!-- Generated by org.testng.reporters.JUnitXMLReporter -->
<testsuite hostname="DESKTOP-QR8RANU" ignored="0" name="Rest API regression Test" tests="4" failures="1" timestamp="02 Oct 2020 09:27:31 GMT" time="7.689" errors="0">
  <testcase name="validateHeaderJsonResponse" time="4.091" classname="com.qa.rest.testclassess.GETAPITEST"/>
  <testcase name="validateStatusCodeTest" time="0.566" classname="com.qa.rest.testclassess.GETAPITEST"/>
  <testcase name="verifyCompanyData" time="2.125" classname="com.qa.rest.testclassess.GETAPITEST"/>
  <testcase name="verifyCompanyName" time="0.683" classname="com.qa.rest.testclassess.GETAPITEST">
    <failure type="java.lang.AssertionError" message="expected [ABC Infotech] but found [IG Infotech]">
      <![CDATA[java.lang.AssertionError: expected [ABC Infotech] but found [IG Infotech]
at com.qa.rest.testclassess.GETAPITEST.verifyCompanyName(GETAPITEST.java:47)
at java.util.concurrent.ThreadPoolExecutor.runWorker(Unknown Source)
at java.util.concurrent.ThreadPoolExecutor$Worker.run(Unknown Source)
at java.lang.Thread.run(Unknown Source)
... Removed 16 stack frames]]>
    </failure>
  </testcase> <!-- verifyCompanyName -->
</testsuite> <!-- Rest API regression Test -->
