<?xml version="1.0" encoding="UTF-8"?>
<testng-results skipped="0" failed="0" ignored="3" total="4" passed="1">
  <reporter-output>
  </reporter-output>
  <suite name="Default suite" duration-ms="5026" started-at="2020-10-02T09:34:55Z" finished-at="2020-10-02T09:35:00Z">
    <groups>
    </groups>
    <test name="Default test" duration-ms="5026" started-at="2020-10-02T09:34:55Z" finished-at="2020-10-02T09:35:00Z">
      <class name="com.qa.rest.testclassess.GETAPITEST">
        <test-method status="PASS" signature="verifyCompanyData()[pri:0, instance:com.qa.rest.testclassess.GETAPITEST@6ab778a]" name="verifyCompanyData" duration-ms="4778" started-at="2020-10-02T09:34:55Z" finished-at="2020-10-02T09:35:00Z">
          <reporter-output>
          </reporter-output>
        </test-method> <!-- verifyCompanyData -->
      </class> <!-- com.qa.rest.testclassess.GETAPITEST -->
    </test> <!-- Default test -->
  </suite> <!-- Default suite -->
</testng-results>
